calendrier.php:25     GET http://reservation/html/css/bootstrap.min.css net::ERR_ABORTED 404 (Not Found)
calendrier.php:26     GET http://reservation/html/js/bootstrap.min.js net::ERR_ABORTED 404 (Not Found)
calendrier.php:27     GET http://reservation/html/js/jquery-3.6.4.min.js net::ERR_ABORTED 404 (Not Found)
DevTools failed to load source map: Could not load content for http://reservation/html/bootstrap.min.js.map: Erreur HTTP : code d'état 404, net::ERR_HTTP_RESPONSE_CODE_FAILURE
custom.js:25 Clic sur le lien Modifier pour la réservation 
custom.js:25 Clic sur le lien Modifier pour la réservation 
calendrier.php:223 Clic sur le lien Modifier pour la réservation 
VM1044:2     GET http://reservation/html/js/bootstrap.min.js 404 (Not Found)
send @ VM1044:2
ajax @ VM1044:2
S._evalUrl @ VM1044:2
He @ VM1044:2
append @ VM1044:2
(anonyme) @ VM1044:2
B @ VM1044:2
html @ VM1044:2
(anonyme) @ VM1044:2
c @ VM1044:2
fireWith @ VM1044:2
l @ VM1044:2
(anonyme) @ VM1044:2
load (asynchrone)
send @ VM1044:2
ajax @ VM1044:2
S.fn.load @ VM1044:2
openEditReservationModal @ custom.js:35
(anonyme) @ custom.js:27
i @ VM1044:2
dispatch @ VM1044:2
y.handle @ VM1044:2
trigger @ VM1044:2
(anonyme) @ VM1044:2
each @ VM1044:2
each @ VM1044:2
trigger @ VM1044:2
trigger @ event-handler.js:276
(anonyme) @ modal.js:254
v @ index.js:226
(anonyme) @ backdrop.js:93
v @ index.js:226
r @ index.js:247
VM1044:2     GET http://reservation/html/js/jquery-3.6.4.min.js 404 (Not Found)
send @ VM1044:2
ajax @ VM1044:2
S._evalUrl @ VM1044:2
He @ VM1044:2
append @ VM1044:2
(anonyme) @ VM1044:2
B @ VM1044:2
html @ VM1044:2
(anonyme) @ VM1044:2
c @ VM1044:2
fireWith @ VM1044:2
l @ VM1044:2
(anonyme) @ VM1044:2
load (asynchrone)
send @ VM1044:2
ajax @ VM1044:2
S.fn.load @ VM1044:2
openEditReservationModal @ custom.js:35
(anonyme) @ custom.js:27
i @ VM1044:2
dispatch @ VM1044:2
y.handle @ VM1044:2
trigger @ VM1044:2
(anonyme) @ VM1044:2
each @ VM1044:2
each @ VM1044:2
trigger @ VM1044:2
trigger @ event-handler.js:276
(anonyme) @ modal.js:254
v @ index.js:226
(anonyme) @ backdrop.js:93
v @ index.js:226
r @ index.js:247
DevTools failed to load source map: Could not load content for http://reservation/html/bootstrap.min.js.map: Erreur HTTP : code d'état 404, net::ERR_HTTP_RESPONSE_CODE_FAILURE
VM1044:2     GET http://reservation/html/css/bootstrap.min.css net::ERR_ABORTED 404 (Not Found)
(anonyme) @ VM1044:2
He @ VM1044:2
append @ VM1044:2
(anonyme) @ VM1044:2
B @ VM1044:2
html @ VM1044:2
(anonyme) @ VM1044:2
c @ VM1044:2
fireWith @ VM1044:2
l @ VM1044:2
(anonyme) @ VM1044:2
load (asynchrone)
send @ VM1044:2
ajax @ VM1044:2
S.fn.load @ VM1044:2
openEditReservationModal @ custom.js:35
(anonyme) @ custom.js:27
i @ VM1044:2
dispatch @ VM1044:2
y.handle @ VM1044:2
trigger @ VM1044:2
(anonyme) @ VM1044:2
each @ VM1044:2
each @ VM1044:2
trigger @ VM1044:2
trigger @ event-handler.js:276
(anonyme) @ modal.js:254
v @ index.js:226
(anonyme) @ backdrop.js:93
v @ index.js:226
r @ index.js:247
VM1044:2     GET http://reservation/html/js/bootstrap.min.js 404 (Not Found)
send @ VM1044:2
ajax @ VM1044:2
S._evalUrl @ VM1044:2
He @ VM1044:2
append @ VM1044:2
(anonyme) @ VM1044:2
B @ VM1044:2
html @ VM1044:2
(anonyme) @ VM1044:2
c @ VM1044:2
fireWith @ VM1044:2
l @ VM1044:2
(anonyme) @ VM1044:2
load (asynchrone)
send @ VM1044:2
ajax @ VM1044:2
S.fn.load @ VM1044:2
openEditReservationModal @ custom.js:35
(anonyme) @ custom.js:27
i @ VM1044:2
dispatch @ VM1044:2
y.handle @ VM1044:2
trigger @ VM1044:2
(anonyme) @ VM1044:2
each @ VM1044:2
each @ VM1044:2
trigger @ VM1044:2
trigger @ event-handler.js:276
(anonyme) @ modal.js:254
v @ index.js:226
(anonyme) @ backdrop.js:93
v @ index.js:226
r @ index.js:247
VM1044:2     GET http://reservation/html/js/jquery-3.6.4.min.js 404 (Not Found)
send @ VM1044:2
ajax @ VM1044:2
S._evalUrl @ VM1044:2
He @ VM1044:2
append @ VM1044:2
(anonyme) @ VM1044:2
B @ VM1044:2
html @ VM1044:2
(anonyme) @ VM1044:2
c @ VM1044:2
fireWith @ VM1044:2
l @ VM1044:2
(anonyme) @ VM1044:2
load (asynchrone)
send @ VM1044:2
ajax @ VM1044:2
S.fn.load @ VM1044:2
openEditReservationModal @ custom.js:35
(anonyme) @ custom.js:27
i @ VM1044:2
dispatch @ VM1044:2
y.handle @ VM1044:2
trigger @ VM1044:2
(anonyme) @ VM1044:2
each @ VM1044:2
each @ VM1044:2
trigger @ VM1044:2
trigger @ event-handler.js:276
(anonyme) @ modal.js:254
v @ index.js:226
(anonyme) @ backdrop.js:93
v @ index.js:226
r @ index.js:247
DevTools failed to load source map: Could not load content for http://reservation/html/bootstrap.min.js.map: Erreur HTTP : code d'état 404, net::ERR_HTTP_RESPONSE_CODE_FAILURE
VM1044:2     GET http://reservation/html/css/bootstrap.min.css net::ERR_ABORTED 404 (Not Found)
(anonyme) @ VM1044:2
He @ VM1044:2
append @ VM1044:2
(anonyme) @ VM1044:2
B @ VM1044:2
html @ VM1044:2
(anonyme) @ VM1044:2
c @ VM1044:2
fireWith @ VM1044:2
l @ VM1044:2
(anonyme) @ VM1044:2
load (asynchrone)
send @ VM1044:2
ajax @ VM1044:2
S.fn.load @ VM1044:2
openEditReservationModal @ custom.js:35
(anonyme) @ custom.js:27
i @ VM1044:2
dispatch @ VM1044:2
y.handle @ VM1044:2
trigger @ VM1044:2
(anonyme) @ VM1044:2
each @ VM1044:2
each @ VM1044:2
trigger @ VM1044:2
trigger @ event-handler.js:276
(anonyme) @ modal.js:254
v @ index.js:226
(anonyme) @ backdrop.js:93
v @ index.js:226
r @ index.js:247
